<?xml version="1.0" encoding="UTF-8"?>
<!-- Generated by org.testng.reporters.JUnitReportReporter -->
<testsuite hostname="DESKTOP-FKJ02CH" failures="0" tests="1" name="com.Actitime.Testscripts.TaskTest" time="13.686" errors="0" timestamp="2023-03-29T22:56:17 PDT" skipped="0">
  <testcase classname="com.Actitime.Testscripts.TaskTest" name="creatcustomer" time="13.686"/>
  <system-out/>
</testsuite> <!-- com.Actitime.Testscripts.TaskTest -->
